<?xml version="1.0" encoding="UTF-8"?>
<!-- Generated by org.testng.reporters.JUnitReportReporter -->
<testsuite hostname="INBL01LAP20091" failures="0" tests="1" name="PhotographerHub.Tc_001PhotographesHubTest" time="3.212" errors="0" timestamp="2022-10-13T12:22:36 IST" skipped="0">
  <testcase classname="PhotographerHub.Tc_001PhotographesHubTest" name="Photographer" time="3.212"/>
  <system-out/>
</testsuite> <!-- PhotographerHub.Tc_001PhotographesHubTest -->
