<?xml version="1.0" encoding="UTF-8"?>
<!-- Generated by org.testng.reporters.JUnitReportReporter -->
<testsuite hostname="INBL01LAP20077" failures="0" tests="1" name="MR.Beast.dEMO1" time="14.227" errors="0" timestamp="2022-10-14T10:56:18 IST" skipped="0">
  <testcase classname="MR.Beast.dEMO1" name="sample" time="14.227"/>
  <system-out/>
</testsuite> <!-- MR.Beast.dEMO1 -->
