<?xml version="1.0" encoding="UTF-8"?>
<!-- Generated by org.testng.reporters.JUnitReportReporter -->
<testsuite hostname="INBL01LAP20091" failures="0" tests="1" name="PhotographerHub.Tc_001Test" time="1.219" errors="0" timestamp="2022-10-13T10:23:50 IST" skipped="0">
  <testcase classname="PhotographerHub.Tc_001Test" name="Photographer" time="1.219"/>
  <system-out/>
</testsuite> <!-- PhotographerHub.Tc_001Test -->
